<?xml version="1.0" encoding="UTF-8"?>
<testng-results ignored="0" total="1" passed="1" failed="0" skipped="0">
  <reporter-output>
  </reporter-output>
  <suite started-at="2021-04-11T13:49:16Z" name="Default suite" finished-at="2021-04-11T13:49:18Z" duration-ms="1782">
    <groups>
    </groups>
    <test started-at="2021-04-11T13:49:16Z" name="Default test" finished-at="2021-04-11T13:49:18Z" duration-ms="1782">
      <class name="pdfVerify.PDFVerifyExample">
        <test-method signature="PDF_Verify_01()[pri:0, instance:pdfVerify.PDFVerifyExample@12a94400]" started-at="2021-04-11T13:49:16Z" name="PDF_Verify_01" finished-at="2021-04-11T13:49:18Z" duration-ms="1751" status="PASS">
          <reporter-output>
          </reporter-output>
        </test-method> <!-- PDF_Verify_01 -->
      </class> <!-- pdfVerify.PDFVerifyExample -->
    </test> <!-- Default test -->
  </suite> <!-- Default suite -->
</testng-results>
